# JRE version: Java(TM) SE Runtime Environment (22.0.2+9) (build 22.0.2+9-70)
# Java VM: Java HotSpot(TM) 64-Bit Server VM (22.0.2+9-70, mixed mode, sharing, tiered, compressed oops, compressed class ptrs, g1 gc, windows-amd64)
GC Precious Log:
 CardTable entry size: 512
 Card Set container configuration: InlinePtr #cards 5 size 8 Array Of Cards #cards 12 size 40 Howl #buckets 4 coarsen threshold 1843 Howl Bitmap #cards 512 size 80 coarsen threshold 460 Card regions per heap region 1 cards per card region 2048
 CPUs: 8 total, 8 available
 Memory: 7797M
 Large Page Support: Disabled
 NUMA Support: Disabled
 Compressed Oops: Enabled (32-bit)
 Heap Region Size: 1M
 Heap Min Capacity: 8M
 Heap Initial Capacity: 122M
 Heap Max Capacity: 2G
 Pre-touch: Disabled
 Parallel Workers: 8
 Concurrent Workers: 2
 Concurrent Refinement Workers: 8
 Periodic GC: Disabled
Heap:
 garbage-first heap   total reserved 2097152K, committed 86016K, used 64037K [0x0000000080000000, 0x0000000100000000)
  region size 1024K, 31 young (31744K), 6 survivors (6144K)
 Metaspace       used 53169K, committed 54976K, reserved 1114112K
  class space    used 7769K, committed 8640K, reserved 1048576K
GC Heap History (20 events):
Event: 1.699 GC heap before
{Heap before GC invocations=1 (full 0):
 garbage-first heap   total reserved 2097152K, committed 124928K, used 41088K [0x0000000080000000, 0x0000000100000000)
  region size 1024K, 33 young (33792K), 3 survivors (3072K)
 Metaspace       used 4227K, committed 4416K, reserved 1114112K
  class space    used 534K, committed 640K, reserved 1048576K
}
Event: 1.704 GC heap after
{Heap after GC invocations=2 (full 0):
 garbage-first heap   total reserved 2097152K, committed 124928K, used 12056K [0x0000000080000000, 0x0000000100000000)
  region size 1024K, 2 young (2048K), 2 survivors (2048K)
 Metaspace       used 4227K, committed 4416K, reserved 1114112K
  class space    used 534K, committed 640K, reserved 1048576K
}
Event: 6.634 GC heap before
{Heap before GC invocations=2 (full 0):
 garbage-first heap   total reserved 2097152K, committed 124928K, used 85784K [0x0000000080000000, 0x0000000100000000)
  region size 1024K, 73 young (74752K), 2 survivors (2048K)
 Metaspace       used 12954K, committed 13376K, reserved 1114112K
  class space    used 1774K, committed 1984K, reserved 1048576K
}
Event: 6.646 GC heap after
{Heap after GC invocations=3 (full 0):
 garbage-first heap   total reserved 2097152K, committed 124928K, used 21352K [0x0000000080000000, 0x0000000100000000)
  region size 1024K, 10 young (10240K), 10 survivors (10240K)
 Metaspace       used 12954K, committed 13376K, reserved 1114112K
  class space    used 1774K, committed 1984K, reserved 1048576K
}
Event: 8.812 GC heap before
{Heap before GC invocations=3 (full 0):
 garbage-first heap   total reserved 2097152K, committed 124928K, used 74600K [0x0000000080000000, 0x0000000100000000)
  region size 1024K, 64 young (65536K), 10 survivors (10240K)
 Metaspace       used 20762K, committed 21504K, reserved 1114112K
  class space    used 3074K, committed 3392K, reserved 1048576K
}
Event: 8.824 GC heap after
{Heap after GC invocations=4 (full 0):
 garbage-first heap   total reserved 2097152K, committed 124928K, used 25264K [0x0000000080000000, 0x0000000100000000)
  region size 1024K, 4 young (4096K), 4 survivors (4096K)
 Metaspace       used 20762K, committed 21504K, reserved 1114112K
  class space    used 3074K, committed 3392K, reserved 1048576K
}
Event: 10.629 GC heap before
{Heap before GC invocations=5 (full 0):
 garbage-first heap   total reserved 2097152K, committed 86016K, used 72368K [0x0000000080000000, 0x0000000100000000)
  region size 1024K, 50 young (51200K), 4 survivors (4096K)
 Metaspace       used 26619K, committed 27648K, reserved 1114112K
  class space    used 4058K, committed 4544K, reserved 1048576K
}
Event: 10.638 GC heap after
{Heap after GC invocations=6 (full 0):
 garbage-first heap   total reserved 2097152K, committed 86016K, used 27412K [0x0000000080000000, 0x0000000100000000)
  region size 1024K, 7 young (7168K), 7 survivors (7168K)
 Metaspace       used 26619K, committed 27648K, reserved 1114112K
  class space    used 4058K, committed 4544K, reserved 1048576K
}
Event: 12.446 GC heap before
{Heap before GC invocations=6 (full 0):
 garbage-first heap   total reserved 2097152K, committed 86016K, used 69396K [0x0000000080000000, 0x0000000100000000)
  region size 1024K, 49 young (50176K), 7 survivors (7168K)
 Metaspace       used 34160K, committed 35392K, reserved 1114112K
  class space    used 5083K, committed 5696K, reserved 1048576K
}
Event: 12.458 GC heap after
{Heap after GC invocations=7 (full 0):
 garbage-first heap   total reserved 2097152K, committed 86016K, used 31351K [0x0000000080000000, 0x0000000100000000)
  region size 1024K, 7 young (7168K), 7 survivors (7168K)
 Metaspace       used 34160K, committed 35392K, reserved 1114112K
  class space    used 5083K, committed 5696K, reserved 1048576K
}
Event: 12.549 GC heap before
{Heap before GC invocations=7 (full 0):
 garbage-first heap   total reserved 2097152K, committed 86016K, used 34423K [0x0000000080000000, 0x0000000100000000)
  region size 1024K, 11 young (11264K), 7 survivors (7168K)
 Metaspace       used 34769K, committed 35968K, reserved 1114112K
  class space    used 5172K, committed 5760K, reserved 1048576K
}
Event: 12.557 GC heap after
{Heap after GC invocations=8 (full 0):
 garbage-first heap   total reserved 2097152K, committed 86016K, used 32357K [0x0000000080000000, 0x0000000100000000)
  region size 1024K, 2 young (2048K), 2 survivors (2048K)
 Metaspace       used 34769K, committed 35968K, reserved 1114112K
  class space    used 5172K, committed 5760K, reserved 1048576K
}
Event: 14.128 GC heap before
{Heap before GC invocations=9 (full 0):
 garbage-first heap   total reserved 2097152K, committed 86016K, used 77413K [0x0000000080000000, 0x0000000100000000)
  region size 1024K, 42 young (43008K), 2 survivors (2048K)
 Metaspace       used 37979K, committed 39360K, reserved 1114112K
  class space    used 5518K, committed 6144K, reserved 1048576K
}
Event: 14.133 GC heap after
{Heap after GC invocations=10 (full 0):
 garbage-first heap   total reserved 2097152K, committed 86016K, used 35753K [0x0000000080000000, 0x0000000100000000)
  region size 1024K, 5 young (5120K), 5 survivors (5120K)
 Metaspace       used 37979K, committed 39360K, reserved 1114112K
  class space    used 5518K, committed 6144K, reserved 1048576K
}
Event: 15.278 GC heap before
{Heap before GC invocations=10 (full 0):
 garbage-first heap   total reserved 2097152K, committed 86016K, used 73641K [0x0000000080000000, 0x0000000100000000)
  region size 1024K, 42 young (43008K), 5 survivors (5120K)
 Metaspace       used 40089K, committed 41664K, reserved 1114112K
  class space    used 5851K, committed 6592K, reserved 1048576K
}
Event: 15.284 GC heap after
{Heap after GC invocations=11 (full 0):
 garbage-first heap   total reserved 2097152K, committed 86016K, used 36786K [0x0000000080000000, 0x0000000100000000)
  region size 1024K, 3 young (3072K), 3 survivors (3072K)
 Metaspace       used 40089K, committed 41664K, reserved 1114112K
  class space    used 5851K, committed 6592K, reserved 1048576K
}
Event: 17.489 GC heap before
{Heap before GC invocations=11 (full 0):
 garbage-first heap   total reserved 2097152K, committed 86016K, used 76722K [0x0000000080000000, 0x0000000100000000)
  region size 1024K, 40 young (40960K), 3 survivors (3072K)
 Metaspace       used 45503K, committed 47168K, reserved 1114112K
  class space    used 6573K, committed 7360K, reserved 1048576K
}
Event: 17.491 GC heap after
{Heap after GC invocations=12 (full 0):
 garbage-first heap   total reserved 2097152K, committed 86016K, used 38004K [0x0000000080000000, 0x0000000100000000)
  region size 1024K, 4 young (4096K), 4 survivors (4096K)
 Metaspace       used 45503K, committed 47168K, reserved 1114112K
  class space    used 6573K, committed 7360K, reserved 1048576K
}
Event: 18.863 GC heap before
{Heap before GC invocations=12 (full 0):
 garbage-first heap   total reserved 2097152K, committed 86016K, used 75892K [0x0000000080000000, 0x0000000100000000)
  region size 1024K, 41 young (41984K), 4 survivors (4096K)
 Metaspace       used 50209K, committed 51904K, reserved 1114112K
  class space    used 7289K, committed 8128K, reserved 1048576K
}
Event: 18.876 GC heap after
{Heap after GC invocations=13 (full 0):
 garbage-first heap   total reserved 2097152K, committed 86016K, used 40485K [0x0000000080000000, 0x0000000100000000)
  region size 1024K, 6 young (6144K), 6 survivors (6144K)
 Metaspace       used 50209K, committed 51904K, reserved 1114112K
  class space    used 7289K, committed 8128K, reserved 1048576K
}

