# JRE version: Java(TM) SE Runtime Environment (22.0.2+9) (build 22.0.2+9-70)
# Java VM: Java HotSpot(TM) 64-Bit Server VM (22.0.2+9-70, mixed mode, sharing, tiered, compressed oops, compressed class ptrs, g1 gc, windows-amd64)
GC Precious Log:
 CardTable entry size: 512
 Card Set container configuration: InlinePtr #cards 5 size 8 Array Of Cards #cards 12 size 40 Howl #buckets 4 coarsen threshold 1843 Howl Bitmap #cards 512 size 80 coarsen threshold 460 Card regions per heap region 1 cards per card region 2048
 CPUs: 8 total, 8 available
 Memory: 7797M
 Large Page Support: Disabled
 NUMA Support: Disabled
 Compressed Oops: Enabled (32-bit)
 Heap Region Size: 1M
 Heap Min Capacity: 8M
 Heap Initial Capacity: 122M
 Heap Max Capacity: 2G
 Pre-touch: Disabled
 Parallel Workers: 8
 Concurrent Workers: 2
 Concurrent Refinement Workers: 8
 Periodic GC: Disabled
Heap:
 garbage-first heap   total reserved 2097152K, committed 106496K, used 78552K [0x0000000080000000, 0x0000000100000000)
  region size 1024K, 13 young (13312K), 5 survivors (5120K)
 Metaspace       used 79891K, committed 81792K, reserved 1179648K
  class space    used 11463K, committed 12352K, reserved 1048576K
GC Heap History (20 events):
Event: 36.138 GC heap before
{Heap before GC invocations=11 (full 0):
 garbage-first heap   total reserved 2097152K, committed 91136K, used 81019K [0x0000000080000000, 0x0000000100000000)
  region size 1024K, 41 young (41984K), 4 survivors (4096K)
 Metaspace       used 46345K, committed 48000K, reserved 1114112K
  class space    used 6655K, committed 7424K, reserved 1048576K
}
Event: 36.142 GC heap after
{Heap after GC invocations=12 (full 0):
 garbage-first heap   total reserved 2097152K, committed 91136K, used 42431K [0x0000000080000000, 0x0000000100000000)
  region size 1024K, 5 young (5120K), 5 survivors (5120K)
 Metaspace       used 46345K, committed 48000K, reserved 1114112K
  class space    used 6655K, committed 7424K, reserved 1048576K
}
Event: 37.716 GC heap before
{Heap before GC invocations=12 (full 0):
 garbage-first heap   total reserved 2097152K, committed 91136K, used 80319K [0x0000000080000000, 0x0000000100000000)
  region size 1024K, 42 young (43008K), 5 survivors (5120K)
 Metaspace       used 51449K, committed 53120K, reserved 1114112K
  class space    used 7396K, committed 8192K, reserved 1048576K
}
Event: 37.724 GC heap after
{Heap after GC invocations=13 (full 0):
 garbage-first heap   total reserved 2097152K, committed 91136K, used 44148K [0x0000000080000000, 0x0000000100000000)
  region size 1024K, 4 young (4096K), 4 survivors (4096K)
 Metaspace       used 51449K, committed 53120K, reserved 1114112K
  class space    used 7396K, committed 8192K, reserved 1048576K
}
Event: 40.164 GC heap before
{Heap before GC invocations=13 (full 0):
 garbage-first heap   total reserved 2097152K, committed 91136K, used 81012K [0x0000000080000000, 0x0000000100000000)
  region size 1024K, 40 young (40960K), 4 survivors (4096K)
 Metaspace       used 58905K, committed 60544K, reserved 1114112K
  class space    used 8319K, committed 9088K, reserved 1048576K
}
Event: 40.177 GC heap after
{Heap after GC invocations=14 (full 0):
 garbage-first heap   total reserved 2097152K, committed 93184K, used 51368K [0x0000000080000000, 0x0000000100000000)
  region size 1024K, 5 young (5120K), 5 survivors (5120K)
 Metaspace       used 58905K, committed 60544K, reserved 1114112K
  class space    used 8319K, committed 9088K, reserved 1048576K
}
Event: 40.340 GC heap before
{Heap before GC invocations=14 (full 0):
 garbage-first heap   total reserved 2097152K, committed 93184K, used 53416K [0x0000000080000000, 0x0000000100000000)
  region size 1024K, 8 young (8192K), 5 survivors (5120K)
 Metaspace       used 59130K, committed 60800K, reserved 1114112K
  class space    used 8335K, committed 9152K, reserved 1048576K
}
Event: 40.346 GC heap after
{Heap after GC invocations=15 (full 0):
 garbage-first heap   total reserved 2097152K, committed 93184K, used 52816K [0x0000000080000000, 0x0000000100000000)
  region size 1024K, 1 young (1024K), 1 survivors (1024K)
 Metaspace       used 59130K, committed 60800K, reserved 1114112K
  class space    used 8335K, committed 9152K, reserved 1048576K
}
Event: 44.689 GC heap before
{Heap before GC invocations=16 (full 0):
 garbage-first heap   total reserved 2097152K, committed 93184K, used 81488K [0x0000000080000000, 0x0000000100000000)
  region size 1024K, 29 young (29696K), 1 survivors (1024K)
 Metaspace       used 61678K, committed 63360K, reserved 1114112K
  class space    used 8677K, committed 9472K, reserved 1048576K
}
Event: 44.694 GC heap after
{Heap after GC invocations=17 (full 0):
 garbage-first heap   total reserved 2097152K, committed 93184K, used 54764K [0x0000000080000000, 0x0000000100000000)
  region size 1024K, 3 young (3072K), 3 survivors (3072K)
 Metaspace       used 61678K, committed 63360K, reserved 1114112K
  class space    used 8677K, committed 9472K, reserved 1048576K
}
Event: 47.197 GC heap before
{Heap before GC invocations=17 (full 0):
 garbage-first heap   total reserved 2097152K, committed 93184K, used 81388K [0x0000000080000000, 0x0000000100000000)
  region size 1024K, 30 young (30720K), 3 survivors (3072K)
 Metaspace       used 64369K, committed 66176K, reserved 1114112K
  class space    used 9082K, committed 9920K, reserved 1048576K
}
Event: 47.206 GC heap after
{Heap after GC invocations=18 (full 0):
 garbage-first heap   total reserved 2097152K, committed 93184K, used 55229K [0x0000000080000000, 0x0000000100000000)
  region size 1024K, 2 young (2048K), 2 survivors (2048K)
 Metaspace       used 64369K, committed 66176K, reserved 1114112K
  class space    used 9082K, committed 9920K, reserved 1048576K
}
Event: 51.298 GC heap before
{Heap before GC invocations=18 (full 0):
 garbage-first heap   total reserved 2097152K, committed 93184K, used 82877K [0x0000000080000000, 0x0000000100000000)
  region size 1024K, 29 young (29696K), 2 survivors (2048K)
 Metaspace       used 69337K, committed 71104K, reserved 1114112K
  class space    used 10118K, committed 10944K, reserved 1048576K
}
Event: 51.303 GC heap after
{Heap after GC invocations=19 (full 0):
 garbage-first heap   total reserved 2097152K, committed 93184K, used 56023K [0x0000000080000000, 0x0000000100000000)
  region size 1024K, 3 young (3072K), 3 survivors (3072K)
 Metaspace       used 69337K, committed 71104K, reserved 1114112K
  class space    used 10118K, committed 10944K, reserved 1048576K
}
Event: 53.011 GC heap before
{Heap before GC invocations=20 (full 0):
 garbage-first heap   total reserved 2097152K, committed 96256K, used 81623K [0x0000000080000000, 0x0000000100000000)
  region size 1024K, 29 young (29696K), 3 survivors (3072K)
 Metaspace       used 72805K, committed 74688K, reserved 1114112K
  class space    used 10585K, committed 11456K, reserved 1048576K
}
Event: 53.017 GC heap after
{Heap after GC invocations=21 (full 0):
 garbage-first heap   total reserved 2097152K, committed 96256K, used 56998K [0x0000000080000000, 0x0000000100000000)
  region size 1024K, 2 young (2048K), 2 survivors (2048K)
 Metaspace       used 72805K, committed 74688K, reserved 1114112K
  class space    used 10585K, committed 11456K, reserved 1048576K
}
Event: 53.788 GC heap before
{Heap before GC invocations=21 (full 0):
 garbage-first heap   total reserved 2097152K, committed 96256K, used 87718K [0x0000000080000000, 0x0000000100000000)
  region size 1024K, 32 young (32768K), 2 survivors (2048K)
 Metaspace       used 77533K, committed 79424K, reserved 1179648K
  class space    used 11187K, committed 12096K, reserved 1048576K
}
Event: 53.792 GC heap after
{Heap after GC invocations=22 (full 0):
 garbage-first heap   total reserved 2097152K, committed 96256K, used 55236K [0x0000000080000000, 0x0000000100000000)
  region size 1024K, 3 young (3072K), 3 survivors (3072K)
 Metaspace       used 77533K, committed 79424K, reserved 1179648K
  class space    used 11187K, committed 12096K, reserved 1048576K
}
Event: 53.934 GC heap before
{Heap before GC invocations=22 (full 0):
 garbage-first heap   total reserved 2097152K, committed 96256K, used 65476K [0x0000000080000000, 0x0000000100000000)
  region size 1024K, 14 young (14336K), 3 survivors (3072K)
 Metaspace       used 79350K, committed 81280K, reserved 1179648K
  class space    used 11421K, committed 12352K, reserved 1048576K
}
Event: 53.938 GC heap after
{Heap after GC invocations=23 (full 0):
 garbage-first heap   total reserved 2097152K, committed 96256K, used 55441K [0x0000000080000000, 0x0000000100000000)
  region size 1024K, 3 young (3072K), 3 survivors (3072K)
 Metaspace       used 79350K, committed 81280K, reserved 1179648K
  class space    used 11421K, committed 12352K, reserved 1048576K
}

