# JRE version: Java(TM) SE Runtime Environment (22.0.2+9) (build 22.0.2+9-70)
# Java VM: Java HotSpot(TM) 64-Bit Server VM (22.0.2+9-70, mixed mode, sharing, tiered, compressed oops, compressed class ptrs, g1 gc, windows-amd64)
GC Precious Log:
 CardTable entry size: 512
 Card Set container configuration: InlinePtr #cards 5 size 8 Array Of Cards #cards 12 size 40 Howl #buckets 4 coarsen threshold 1843 Howl Bitmap #cards 512 size 80 coarsen threshold 460 Card regions per heap region 1 cards per card region 2048
 CPUs: 8 total, 8 available
 Memory: 7797M
 Large Page Support: Disabled
 NUMA Support: Disabled
 Compressed Oops: Enabled (32-bit)
 Heap Region Size: 1M
 Heap Min Capacity: 8M
 Heap Initial Capacity: 122M
 Heap Max Capacity: 2G
 Pre-touch: Disabled
 Parallel Workers: 8
 Concurrent Workers: 2
 Concurrent Refinement Workers: 8
 Periodic GC: Disabled
Heap:
 garbage-first heap   total reserved 2097152K, committed 173056K, used 108347K [0x0000000080000000, 0x0000000100000000)
  region size 1024K, 8 young (8192K), 3 survivors (3072K)
 Metaspace       used 111361K, committed 113664K, reserved 1179648K
  class space    used 14877K, committed 16000K, reserved 1048576K
GC Heap History (20 events):
Event: 81.673 GC heap before
{Heap before GC invocations=25 (full 0):
 garbage-first heap   total reserved 2097152K, committed 119808K, used 107520K [0x0000000080000000, 0x0000000100000000)
  region size 1024K, 37 young (37888K), 5 survivors (5120K)
 Metaspace       used 83696K, committed 85568K, reserved 1179648K
  class space    used 11422K, committed 12288K, reserved 1048576K
}
Event: 81.683 GC heap after
{Heap after GC invocations=26 (full 0):
 garbage-first heap   total reserved 2097152K, committed 119808K, used 76380K [0x0000000080000000, 0x0000000100000000)
  region size 1024K, 2 young (2048K), 2 survivors (2048K)
 Metaspace       used 83696K, committed 85568K, reserved 1179648K
  class space    used 11422K, committed 12288K, reserved 1048576K
}
Event: 83.081 GC heap before
{Heap before GC invocations=27 (full 0):
 garbage-first heap   total reserved 2097152K, committed 128000K, used 110172K [0x0000000080000000, 0x0000000100000000)
  region size 1024K, 35 young (35840K), 2 survivors (2048K)
 Metaspace       used 87412K, committed 89280K, reserved 1179648K
  class space    used 11788K, committed 12672K, reserved 1048576K
}
Event: 83.087 GC heap after
{Heap after GC invocations=28 (full 0):
 garbage-first heap   total reserved 2097152K, committed 128000K, used 79369K [0x0000000080000000, 0x0000000100000000)
  region size 1024K, 5 young (5120K), 5 survivors (5120K)
 Metaspace       used 87412K, committed 89280K, reserved 1179648K
  class space    used 11788K, committed 12672K, reserved 1048576K
}
Event: 84.088 GC heap before
{Heap before GC invocations=28 (full 0):
 garbage-first heap   total reserved 2097152K, committed 128000K, used 115209K [0x0000000080000000, 0x0000000100000000)
  region size 1024K, 40 young (40960K), 5 survivors (5120K)
 Metaspace       used 92487K, committed 94400K, reserved 1179648K
  class space    used 12334K, committed 13248K, reserved 1048576K
}
Event: 84.099 GC heap after
{Heap after GC invocations=29 (full 0):
 garbage-first heap   total reserved 2097152K, committed 128000K, used 80156K [0x0000000080000000, 0x0000000100000000)
  region size 1024K, 2 young (2048K), 2 survivors (2048K)
 Metaspace       used 92487K, committed 94400K, reserved 1179648K
  class space    used 12334K, committed 13248K, reserved 1048576K
}
Event: 84.947 GC heap before
{Heap before GC invocations=29 (full 0):
 garbage-first heap   total reserved 2097152K, committed 128000K, used 118044K [0x0000000080000000, 0x0000000100000000)
  region size 1024K, 39 young (39936K), 2 survivors (2048K)
 Metaspace       used 98108K, committed 99968K, reserved 1179648K
  class space    used 12933K, committed 13824K, reserved 1048576K
}
Event: 84.951 GC heap after
{Heap after GC invocations=30 (full 0):
 garbage-first heap   total reserved 2097152K, committed 128000K, used 80757K [0x0000000080000000, 0x0000000100000000)
  region size 1024K, 2 young (2048K), 2 survivors (2048K)
 Metaspace       used 98108K, committed 99968K, reserved 1179648K
  class space    used 12933K, committed 13824K, reserved 1048576K
}
Event: 86.009 GC heap before
{Heap before GC invocations=31 (full 0):
 garbage-first heap   total reserved 2097152K, committed 135168K, used 117621K [0x0000000080000000, 0x0000000100000000)
  region size 1024K, 38 young (38912K), 2 survivors (2048K)
 Metaspace       used 102390K, committed 104448K, reserved 1179648K
  class space    used 13603K, committed 14592K, reserved 1048576K
}
Event: 86.014 GC heap after
{Heap after GC invocations=32 (full 0):
 garbage-first heap   total reserved 2097152K, committed 135168K, used 81880K [0x0000000080000000, 0x0000000100000000)
  region size 1024K, 4 young (4096K), 4 survivors (4096K)
 Metaspace       used 102390K, committed 104448K, reserved 1179648K
  class space    used 13603K, committed 14592K, reserved 1048576K
}
Event: 86.351 GC heap before
{Heap before GC invocations=32 (full 0):
 garbage-first heap   total reserved 2097152K, committed 135168K, used 122840K [0x0000000080000000, 0x0000000100000000)
  region size 1024K, 43 young (44032K), 4 survivors (4096K)
 Metaspace       used 103040K, committed 105088K, reserved 1179648K
  class space    used 13674K, committed 14656K, reserved 1048576K
}
Event: 86.359 GC heap after
{Heap after GC invocations=33 (full 0):
 garbage-first heap   total reserved 2097152K, committed 135168K, used 86186K [0x0000000080000000, 0x0000000100000000)
  region size 1024K, 6 young (6144K), 6 survivors (6144K)
 Metaspace       used 103040K, committed 105088K, reserved 1179648K
  class space    used 13674K, committed 14656K, reserved 1048576K
}
Event: 87.047 GC heap before
{Heap before GC invocations=33 (full 0):
 garbage-first heap   total reserved 2097152K, committed 135168K, used 119978K [0x0000000080000000, 0x0000000100000000)
  region size 1024K, 39 young (39936K), 6 survivors (6144K)
 Metaspace       used 103600K, committed 105728K, reserved 1179648K
  class space    used 13717K, committed 14720K, reserved 1048576K
}
Event: 87.056 GC heap after
{Heap after GC invocations=34 (full 0):
 garbage-first heap   total reserved 2097152K, committed 135168K, used 90802K [0x0000000080000000, 0x0000000100000000)
  region size 1024K, 5 young (5120K), 5 survivors (5120K)
 Metaspace       used 103600K, committed 105728K, reserved 1179648K
  class space    used 13717K, committed 14720K, reserved 1048576K
}
Event: 88.263 GC heap before
{Heap before GC invocations=35 (full 0):
 garbage-first heap   total reserved 2097152K, committed 153600K, used 120498K [0x0000000080000000, 0x0000000100000000)
  region size 1024K, 34 young (34816K), 5 survivors (5120K)
 Metaspace       used 105959K, committed 108096K, reserved 1179648K
  class space    used 14027K, committed 15040K, reserved 1048576K
}
Event: 88.269 GC heap after
{Heap after GC invocations=36 (full 0):
 garbage-first heap   total reserved 2097152K, committed 153600K, used 93905K [0x0000000080000000, 0x0000000100000000)
  region size 1024K, 4 young (4096K), 4 survivors (4096K)
 Metaspace       used 105959K, committed 108096K, reserved 1179648K
  class space    used 14027K, committed 15040K, reserved 1048576K
}
Event: 89.865 GC heap before
{Heap before GC invocations=36 (full 0):
 garbage-first heap   total reserved 2097152K, committed 153600K, used 139985K [0x0000000080000000, 0x0000000100000000)
  region size 1024K, 49 young (50176K), 4 survivors (4096K)
 Metaspace       used 110336K, committed 112576K, reserved 1179648K
  class space    used 14714K, committed 15808K, reserved 1048576K
}
Event: 89.873 GC heap after
{Heap after GC invocations=37 (full 0):
 garbage-first heap   total reserved 2097152K, committed 153600K, used 96875K [0x0000000080000000, 0x0000000100000000)
  region size 1024K, 7 young (7168K), 7 survivors (7168K)
 Metaspace       used 110336K, committed 112576K, reserved 1179648K
  class space    used 14714K, committed 15808K, reserved 1048576K
}
Event: 90.480 GC heap before
{Heap before GC invocations=37 (full 0):
 garbage-first heap   total reserved 2097152K, committed 153600K, used 123499K [0x0000000080000000, 0x0000000100000000)
  region size 1024K, 34 young (34816K), 7 survivors (7168K)
 Metaspace       used 111270K, committed 113600K, reserved 1179648K
  class space    used 14871K, committed 16000K, reserved 1048576K
}
Event: 90.512 GC heap after
{Heap after GC invocations=38 (full 0):
 garbage-first heap   total reserved 2097152K, committed 153600K, used 101835K [0x0000000080000000, 0x0000000100000000)
  region size 1024K, 5 young (5120K), 5 survivors (5120K)
 Metaspace       used 111270K, committed 113600K, reserved 1179648K
  class space    used 14871K, committed 16000K, reserved 1048576K
}

