# JRE version: Java(TM) SE Runtime Environment (22.0.2+9) (build 22.0.2+9-70)
# Java VM: Java HotSpot(TM) 64-Bit Server VM (22.0.2+9-70, mixed mode, sharing, tiered, compressed oops, compressed class ptrs, g1 gc, windows-amd64)
GC Precious Log:
 CardTable entry size: 512
 Card Set container configuration: InlinePtr #cards 5 size 8 Array Of Cards #cards 12 size 40 Howl #buckets 4 coarsen threshold 1843 Howl Bitmap #cards 512 size 80 coarsen threshold 460 Card regions per heap region 1 cards per card region 2048
 CPUs: 8 total, 8 available
 Memory: 7797M
 Large Page Support: Disabled
 NUMA Support: Disabled
 Compressed Oops: Enabled (32-bit)
 Heap Region Size: 1M
 Heap Min Capacity: 8M
 Heap Initial Capacity: 122M
 Heap Max Capacity: 1950M
 Pre-touch: Disabled
 Parallel Workers: 8
 Concurrent Workers: 2
 Concurrent Refinement Workers: 8
 Periodic GC: Disabled
Heap:
 garbage-first heap   total reserved 1996800K, committed 293888K, used 183296K [0x0000000086200000, 0x0000000100000000)
  region size 1024K, 9 young (9216K), 9 survivors (9216K)
 Metaspace       used 76608K, committed 77632K, reserved 1179648K
  class space    used 8805K, committed 9280K, reserved 1048576K
GC Heap History (20 events):
Event: 74.950 GC heap after
{Heap after GC invocations=88 (full 0):
 garbage-first heap   total reserved 1996800K, committed 237568K, used 149481K [0x0000000086200000, 0x0000000100000000)
  region size 1024K, 10 young (10240K), 10 survivors (10240K)
 Metaspace       used 76114K, committed 77120K, reserved 1179648K
  class space    used 8783K, committed 9280K, reserved 1048576K
}
Event: 75.020 GC heap before
{Heap before GC invocations=88 (full 0):
 garbage-first heap   total reserved 1996800K, committed 237568K, used 182249K [0x0000000086200000, 0x0000000100000000)
  region size 1024K, 43 young (44032K), 10 survivors (10240K)
 Metaspace       used 76128K, committed 77120K, reserved 1179648K
  class space    used 8783K, committed 9280K, reserved 1048576K
}
Event: 75.027 GC heap after
{Heap after GC invocations=89 (full 0):
 garbage-first heap   total reserved 1996800K, committed 237568K, used 153481K [0x0000000086200000, 0x0000000100000000)
  region size 1024K, 4 young (4096K), 4 survivors (4096K)
 Metaspace       used 76128K, committed 77120K, reserved 1179648K
  class space    used 8783K, committed 9280K, reserved 1048576K
}
Event: 75.860 GC heap before
{Heap before GC invocations=90 (full 0):
 garbage-first heap   total reserved 1996800K, committed 258048K, used 221065K [0x0000000086200000, 0x0000000100000000)
  region size 1024K, 68 young (69632K), 4 survivors (4096K)
 Metaspace       used 76144K, committed 77120K, reserved 1179648K
  class space    used 8783K, committed 9280K, reserved 1048576K
}
Event: 75.866 GC heap after
{Heap after GC invocations=91 (full 0):
 garbage-first heap   total reserved 1996800K, committed 258048K, used 157460K [0x0000000086200000, 0x0000000100000000)
  region size 1024K, 8 young (8192K), 8 survivors (8192K)
 Metaspace       used 76144K, committed 77120K, reserved 1179648K
  class space    used 8783K, committed 9280K, reserved 1048576K
}
Event: 76.922 GC heap before
{Heap before GC invocations=91 (full 0):
 garbage-first heap   total reserved 1996800K, committed 258048K, used 237332K [0x0000000086200000, 0x0000000100000000)
  region size 1024K, 84 young (86016K), 8 survivors (8192K)
 Metaspace       used 76172K, committed 77248K, reserved 1179648K
  class space    used 8784K, committed 9280K, reserved 1048576K
}
Event: 76.935 GC heap after
{Heap after GC invocations=92 (full 0):
 garbage-first heap   total reserved 1996800K, committed 258048K, used 159349K [0x0000000086200000, 0x0000000100000000)
  region size 1024K, 11 young (11264K), 11 survivors (11264K)
 Metaspace       used 76172K, committed 77248K, reserved 1179648K
  class space    used 8784K, committed 9280K, reserved 1048576K
}
Event: 77.020 GC heap before
{Heap before GC invocations=92 (full 0):
 garbage-first heap   total reserved 1996800K, committed 258048K, used 170613K [0x0000000086200000, 0x0000000100000000)
  region size 1024K, 23 young (23552K), 11 survivors (11264K)
 Metaspace       used 76177K, committed 77248K, reserved 1179648K
  class space    used 8784K, committed 9280K, reserved 1048576K
}
Event: 77.029 GC heap after
{Heap after GC invocations=93 (full 0):
 garbage-first heap   total reserved 1996800K, committed 258048K, used 162756K [0x0000000086200000, 0x0000000100000000)
  region size 1024K, 3 young (3072K), 3 survivors (3072K)
 Metaspace       used 76177K, committed 77248K, reserved 1179648K
  class space    used 8784K, committed 9280K, reserved 1048576K
}
Event: 77.534 GC heap before
{Heap before GC invocations=94 (full 0):
 garbage-first heap   total reserved 1996800K, committed 275456K, used 241604K [0x0000000086200000, 0x0000000100000000)
  region size 1024K, 78 young (79872K), 3 survivors (3072K)
 Metaspace       used 76211K, committed 77248K, reserved 1179648K
  class space    used 8784K, committed 9280K, reserved 1048576K
}
Event: 77.539 GC heap after
{Heap after GC invocations=95 (full 0):
 garbage-first heap   total reserved 1996800K, committed 275456K, used 165580K [0x0000000086200000, 0x0000000100000000)
  region size 1024K, 6 young (6144K), 6 survivors (6144K)
 Metaspace       used 76211K, committed 77248K, reserved 1179648K
  class space    used 8784K, committed 9280K, reserved 1048576K
}
Event: 80.049 GC heap before
{Heap before GC invocations=95 (full 0):
 garbage-first heap   total reserved 1996800K, committed 275456K, used 256716K [0x0000000086200000, 0x0000000100000000)
  region size 1024K, 93 young (95232K), 6 survivors (6144K)
 Metaspace       used 76307K, committed 77376K, reserved 1179648K
  class space    used 8789K, committed 9280K, reserved 1048576K
}
Event: 80.058 GC heap after
{Heap after GC invocations=96 (full 0):
 garbage-first heap   total reserved 1996800K, committed 275456K, used 172088K [0x0000000086200000, 0x0000000100000000)
  region size 1024K, 12 young (12288K), 12 survivors (12288K)
 Metaspace       used 76307K, committed 77376K, reserved 1179648K
  class space    used 8789K, committed 9280K, reserved 1048576K
}
Event: 81.255 GC heap before
{Heap before GC invocations=96 (full 0):
 garbage-first heap   total reserved 1996800K, committed 275456K, used 248888K [0x0000000086200000, 0x0000000100000000)
  region size 1024K, 86 young (88064K), 12 survivors (12288K)
 Metaspace       used 76394K, committed 77440K, reserved 1179648K
  class space    used 8789K, committed 9280K, reserved 1048576K
}
Event: 81.272 GC heap after
{Heap after GC invocations=97 (full 0):
 garbage-first heap   total reserved 1996800K, committed 275456K, used 172825K [0x0000000086200000, 0x0000000100000000)
  region size 1024K, 7 young (7168K), 7 survivors (7168K)
 Metaspace       used 76394K, committed 77440K, reserved 1179648K
  class space    used 8789K, committed 9280K, reserved 1048576K
}
Event: 81.303 GC heap before
{Heap before GC invocations=97 (full 0):
 garbage-first heap   total reserved 1996800K, committed 275456K, used 178969K [0x0000000086200000, 0x0000000100000000)
  region size 1024K, 14 young (14336K), 7 survivors (7168K)
 Metaspace       used 76403K, committed 77440K, reserved 1179648K
  class space    used 8789K, committed 9280K, reserved 1048576K
}
Event: 81.308 GC heap after
{Heap after GC invocations=98 (full 0):
 garbage-first heap   total reserved 1996800K, committed 275456K, used 174897K [0x0000000086200000, 0x0000000100000000)
  region size 1024K, 3 young (3072K), 3 survivors (3072K)
 Metaspace       used 76403K, committed 77440K, reserved 1179648K
  class space    used 8789K, committed 9280K, reserved 1048576K
}
Event: 81.826 GC heap before
{Heap before GC invocations=99 (full 0):
 garbage-first heap   total reserved 1996800K, committed 293888K, used 242481K [0x0000000086200000, 0x0000000100000000)
  region size 1024K, 68 young (69632K), 3 survivors (3072K)
 Metaspace       used 76450K, committed 77440K, reserved 1179648K
  class space    used 8789K, committed 9280K, reserved 1048576K
}
Event: 81.835 GC heap after
{Heap after GC invocations=100 (full 0):
 garbage-first heap   total reserved 1996800K, committed 293888K, used 182663K [0x0000000086200000, 0x0000000100000000)
  region size 1024K, 9 young (9216K), 9 survivors (9216K)
 Metaspace       used 76450K, committed 77440K, reserved 1179648K
  class space    used 8789K, committed 9280K, reserved 1048576K
}
Event: 84.100 GC heap before
{Heap before GC invocations=100 (full 0):
 garbage-first heap   total reserved 1996800K, committed 293888K, used 259463K [0x0000000086200000, 0x0000000100000000)
  region size 1024K, 82 young (83968K), 9 survivors (9216K)
 Metaspace       used 76608K, committed 77632K, reserved 1179648K
  class space    used 8805K, committed 9280K, reserved 1048576K
}

