# JRE version: Java(TM) SE Runtime Environment (22.0.2+9) (build 22.0.2+9-70)
# Java VM: Java HotSpot(TM) 64-Bit Server VM (22.0.2+9-70, mixed mode, sharing, tiered, compressed oops, compressed class ptrs, g1 gc, windows-amd64)
GC Precious Log:
 CardTable entry size: 512
 Card Set container configuration: InlinePtr #cards 5 size 8 Array Of Cards #cards 12 size 40 Howl #buckets 4 coarsen threshold 1843 Howl Bitmap #cards 512 size 80 coarsen threshold 460 Card regions per heap region 1 cards per card region 2048
 CPUs: 8 total, 8 available
 Memory: 7797M
 Large Page Support: Disabled
 NUMA Support: Disabled
 Compressed Oops: Enabled (32-bit)
 Heap Region Size: 1M
 Heap Min Capacity: 8M
 Heap Initial Capacity: 122M
 Heap Max Capacity: 1950M
 Pre-touch: Disabled
 Parallel Workers: 8
 Concurrent Workers: 2
 Concurrent Refinement Workers: 8
 Periodic GC: Disabled
Heap:
 garbage-first heap   total reserved 1996800K, committed 214016K, used 138155K [0x0000000086200000, 0x0000000100000000)
  region size 1024K, 3 young (3072K), 3 survivors (3072K)
 Metaspace       used 74773K, committed 75840K, reserved 1179648K
  class space    used 8755K, committed 9280K, reserved 1048576K
GC Heap History (20 events):
Event: 74.883 GC heap after
{Heap after GC invocations=58 (full 0):
 garbage-first heap   total reserved 1996800K, committed 142336K, used 94883K [0x0000000086200000, 0x0000000100000000)
  region size 1024K, 4 young (4096K), 4 survivors (4096K)
 Metaspace       used 73023K, committed 74112K, reserved 1114112K
  class space    used 8668K, committed 9152K, reserved 1048576K
}
Event: 75.582 GC heap before
{Heap before GC invocations=59 (full 0):
 garbage-first heap   total reserved 1996800K, committed 160768K, used 129699K [0x0000000086200000, 0x0000000100000000)
  region size 1024K, 37 young (37888K), 4 survivors (4096K)
 Metaspace       used 73063K, committed 74112K, reserved 1114112K
  class space    used 8668K, committed 9152K, reserved 1048576K
}
Event: 75.589 GC heap after
{Heap after GC invocations=60 (full 0):
 garbage-first heap   total reserved 1996800K, committed 160768K, used 97230K [0x0000000086200000, 0x0000000100000000)
  region size 1024K, 3 young (3072K), 3 survivors (3072K)
 Metaspace       used 73063K, committed 74112K, reserved 1114112K
  class space    used 8668K, committed 9152K, reserved 1048576K
}
Event: 75.924 GC heap before
{Heap before GC invocations=60 (full 0):
 garbage-first heap   total reserved 1996800K, committed 160768K, used 145358K [0x0000000086200000, 0x0000000100000000)
  region size 1024K, 49 young (50176K), 3 survivors (3072K)
 Metaspace       used 73128K, committed 74176K, reserved 1114112K
  class space    used 8668K, committed 9152K, reserved 1048576K
}
Event: 75.934 GC heap after
{Heap after GC invocations=61 (full 0):
 garbage-first heap   total reserved 1996800K, committed 193536K, used 101939K [0x0000000086200000, 0x0000000100000000)
  region size 1024K, 7 young (7168K), 7 survivors (7168K)
 Metaspace       used 73128K, committed 74176K, reserved 1114112K
  class space    used 8668K, committed 9152K, reserved 1048576K
}
Event: 76.282 GC heap before
{Heap before GC invocations=61 (full 0):
 garbage-first heap   total reserved 1996800K, committed 193536K, used 162355K [0x0000000086200000, 0x0000000100000000)
  region size 1024K, 65 young (66560K), 7 survivors (7168K)
 Metaspace       used 73149K, committed 74176K, reserved 1114112K
  class space    used 8668K, committed 9152K, reserved 1048576K
}
Event: 76.291 GC heap after
{Heap after GC invocations=62 (full 0):
 garbage-first heap   total reserved 1996800K, committed 193536K, used 107989K [0x0000000086200000, 0x0000000100000000)
  region size 1024K, 6 young (6144K), 6 survivors (6144K)
 Metaspace       used 73149K, committed 74176K, reserved 1114112K
  class space    used 8668K, committed 9152K, reserved 1048576K
}
Event: 77.649 GC heap before
{Heap before GC invocations=62 (full 0):
 garbage-first heap   total reserved 1996800K, committed 193536K, used 143829K [0x0000000086200000, 0x0000000100000000)
  region size 1024K, 42 young (43008K), 6 survivors (6144K)
 Metaspace       used 73910K, committed 74944K, reserved 1179648K
  class space    used 8737K, committed 9216K, reserved 1048576K
}
Event: 77.657 GC heap after
{Heap after GC invocations=63 (full 0):
 garbage-first heap   total reserved 1996800K, committed 193536K, used 113351K [0x0000000086200000, 0x0000000100000000)
  region size 1024K, 7 young (7168K), 7 survivors (7168K)
 Metaspace       used 73910K, committed 74944K, reserved 1179648K
  class space    used 8737K, committed 9216K, reserved 1048576K
}
Event: 78.754 GC heap before
{Heap before GC invocations=64 (full 0):
 garbage-first heap   total reserved 1996800K, committed 193536K, used 174791K [0x0000000086200000, 0x0000000100000000)
  region size 1024K, 65 young (66560K), 7 survivors (7168K)
 Metaspace       used 74182K, committed 75264K, reserved 1179648K
  class space    used 8752K, committed 9280K, reserved 1048576K
}
Event: 78.764 GC heap after
{Heap after GC invocations=65 (full 0):
 garbage-first heap   total reserved 1996800K, committed 193536K, used 122761K [0x0000000086200000, 0x0000000100000000)
  region size 1024K, 9 young (9216K), 9 survivors (9216K)
 Metaspace       used 74182K, committed 75264K, reserved 1179648K
  class space    used 8752K, committed 9280K, reserved 1048576K
}
Event: 80.411 GC heap before
{Heap before GC invocations=65 (full 0):
 garbage-first heap   total reserved 1996800K, committed 193536K, used 173961K [0x0000000086200000, 0x0000000100000000)
  region size 1024K, 59 young (60416K), 9 survivors (9216K)
 Metaspace       used 74583K, committed 75648K, reserved 1179648K
  class space    used 8754K, committed 9280K, reserved 1048576K
}
Event: 80.422 GC heap after
{Heap after GC invocations=66 (full 0):
 garbage-first heap   total reserved 1996800K, committed 193536K, used 123721K [0x0000000086200000, 0x0000000100000000)
  region size 1024K, 6 young (6144K), 6 survivors (6144K)
 Metaspace       used 74583K, committed 75648K, reserved 1179648K
  class space    used 8754K, committed 9280K, reserved 1048576K
}
Event: 80.720 GC heap before
{Heap before GC invocations=66 (full 0):
 garbage-first heap   total reserved 1996800K, committed 193536K, used 138057K [0x0000000086200000, 0x0000000100000000)
  region size 1024K, 21 young (21504K), 6 survivors (6144K)
 Metaspace       used 74654K, committed 75712K, reserved 1179648K
  class space    used 8755K, committed 9280K, reserved 1048576K
}
Event: 80.727 GC heap after
{Heap after GC invocations=67 (full 0):
 garbage-first heap   total reserved 1996800K, committed 193536K, used 126443K [0x0000000086200000, 0x0000000100000000)
  region size 1024K, 3 young (3072K), 3 survivors (3072K)
 Metaspace       used 74654K, committed 75712K, reserved 1179648K
  class space    used 8755K, committed 9280K, reserved 1048576K
}
Event: 81.176 GC heap before
{Heap before GC invocations=68 (full 0):
 garbage-first heap   total reserved 1996800K, committed 214016K, used 178667K [0x0000000086200000, 0x0000000100000000)
  region size 1024K, 52 young (53248K), 3 survivors (3072K)
 Metaspace       used 74708K, committed 75776K, reserved 1179648K
  class space    used 8755K, committed 9280K, reserved 1048576K
}
Event: 81.186 GC heap after
{Heap after GC invocations=69 (full 0):
 garbage-first heap   total reserved 1996800K, committed 214016K, used 132736K [0x0000000086200000, 0x0000000100000000)
  region size 1024K, 7 young (7168K), 7 survivors (7168K)
 Metaspace       used 74708K, committed 75776K, reserved 1179648K
  class space    used 8755K, committed 9280K, reserved 1048576K
}
Event: 81.777 GC heap before
{Heap before GC invocations=69 (full 0):
 garbage-first heap   total reserved 1996800K, committed 214016K, used 194176K [0x0000000086200000, 0x0000000100000000)
  region size 1024K, 66 young (67584K), 7 survivors (7168K)
 Metaspace       used 74759K, committed 75840K, reserved 1179648K
  class space    used 8755K, committed 9280K, reserved 1048576K
}
Event: 81.790 GC heap after
{Heap after GC invocations=70 (full 0):
 garbage-first heap   total reserved 1996800K, committed 214016K, used 135536K [0x0000000086200000, 0x0000000100000000)
  region size 1024K, 6 young (6144K), 6 survivors (6144K)
 Metaspace       used 74759K, committed 75840K, reserved 1179648K
  class space    used 8755K, committed 9280K, reserved 1048576K
}
Event: 81.904 GC heap before
{Heap before GC invocations=70 (full 0):
 garbage-first heap   total reserved 1996800K, committed 214016K, used 146800K [0x0000000086200000, 0x0000000100000000)
  region size 1024K, 18 young (18432K), 6 survivors (6144K)
 Metaspace       used 74773K, committed 75840K, reserved 1179648K
  class space    used 8755K, committed 9280K, reserved 1048576K
}

